{"/Users/lukehouge/Documents/Coding/JS:node/Testing/add.js":{"path":"/Users/lukehouge/Documents/Coding/JS:node/Testing/add.js","s":{"1":1,"2":1,"3":2,"4":1,"5":1,"6":1,"7":2,"8":1,"9":2,"10":1},"b":{},"f":{"1":2,"2":1,"3":2,"4":2},"fnMap":{"1":{"name":"(anonymous_1)","line":3,"loc":{"start":{"line":3,"column":16},"end":{"line":3,"column":41}}},"2":{"name":"(anonymous_2)","line":6,"loc":{"start":{"line":6,"column":16},"end":{"line":6,"column":41}}},"3":{"name":"(anonymous_3)","line":9,"loc":{"start":{"line":9,"column":16},"end":{"line":9,"column":41}}},"4":{"name":"(anonymous_4)","line":12,"loc":{"start":{"line":12,"column":17},"end":{"line":12,"column":42}}}},"statementMap":{"1":{"start":{"line":1,"column":0},"end":{"line":1,"column":19}},"2":{"start":{"line":3,"column":0},"end":{"line":5,"column":1}},"3":{"start":{"line":4,"column":4},"end":{"line":4,"column":27}},"4":{"start":{"line":6,"column":0},"end":{"line":8,"column":1}},"5":{"start":{"line":7,"column":4},"end":{"line":7,"column":51}},"6":{"start":{"line":9,"column":0},"end":{"line":11,"column":1}},"7":{"start":{"line":10,"column":4},"end":{"line":10,"column":27}},"8":{"start":{"line":12,"column":0},"end":{"line":14,"column":1}},"9":{"start":{"line":13,"column":4},"end":{"line":13,"column":27}},"10":{"start":{"line":16,"column":0},"end":{"line":16,"column":27}}},"branchMap":{}},"/Users/lukehouge/Documents/Coding/JS:node/Testing/app.js":{"path":"/Users/lukehouge/Documents/Coding/JS:node/Testing/app.js","s":{"1":1,"2":1,"3":1},"b":{},"f":{"1":1,"2":1},"fnMap":{"1":{"name":"(anonymous_1)","line":2,"loc":{"start":{"line":2,"column":12},"end":{"line":2,"column":22}}},"2":{"name":"(anonymous_2)","line":5,"loc":{"start":{"line":5,"column":14},"end":{"line":5,"column":38}}}},"statementMap":{"1":{"start":{"line":1,"column":0},"end":{"line":9,"column":1}},"2":{"start":{"line":3,"column":4},"end":{"line":3,"column":19}},"3":{"start":{"line":6,"column":4},"end":{"line":6,"column":27}}},"branchMap":{}}}